2023-06-23 15:56:13,541 INFO    StreamThr :1361893 [internal.py:wandb_internal():86] W&B internal server running at pid: 1361893, started at: 2023-06-23 15:56:13.541684
2023-06-23 15:56:13,543 DEBUG   HandlerThread:1361893 [handler.py:handle_request():144] handle_request: status
2023-06-23 15:56:13,544 INFO    WriterThread:1361893 [datastore.py:open_for_write():85] open: /home/cgm/code/CGM__GCLRec/code/wandb/run-20230623_155613-h0k7akz9/run-h0k7akz9.wandb
2023-06-23 15:56:13,544 DEBUG   SenderThread:1361893 [sender.py:send():375] send: header
2023-06-23 15:56:13,558 DEBUG   SenderThread:1361893 [sender.py:send():375] send: run
2023-06-23 15:56:18,558 DEBUG   HandlerThread:1361893 [handler.py:handle_request():144] handle_request: keepalive
2023-06-23 15:56:23,559 DEBUG   HandlerThread:1361893 [handler.py:handle_request():144] handle_request: keepalive
2023-06-23 15:56:25,531 INFO    SenderThread:1361893 [dir_watcher.py:__init__():219] watching files in: /home/cgm/code/CGM__GCLRec/code/wandb/run-20230623_155613-h0k7akz9/files
2023-06-23 15:56:25,531 INFO    SenderThread:1361893 [sender.py:_start_run_threads():1124] run started: h0k7akz9 with start time 1687506973.541139
2023-06-23 15:56:25,531 DEBUG   SenderThread:1361893 [sender.py:send_request():402] send_request: summary_record
2023-06-23 15:56:25,531 DEBUG   HandlerThread:1361893 [handler.py:handle_request():144] handle_request: status_report
2023-06-23 15:56:25,531 INFO    SenderThread:1361893 [sender.py:_save_file():1378] saving file wandb-summary.json with policy end
2023-06-23 15:56:25,534 DEBUG   HandlerThread:1361893 [handler.py:handle_request():144] handle_request: check_version
2023-06-23 15:56:25,535 DEBUG   SenderThread:1361893 [sender.py:send_request():402] send_request: check_version
2023-06-23 15:56:25,940 DEBUG   HandlerThread:1361893 [handler.py:handle_request():144] handle_request: run_start
2023-06-23 15:56:25,945 DEBUG   HandlerThread:1361893 [system_info.py:__init__():31] System info init
2023-06-23 15:56:25,945 DEBUG   HandlerThread:1361893 [system_info.py:__init__():46] System info init done
2023-06-23 15:56:25,945 INFO    HandlerThread:1361893 [system_monitor.py:start():181] Starting system monitor
2023-06-23 15:56:25,945 INFO    SystemMonitor:1361893 [system_monitor.py:_start():145] Starting system asset monitoring threads
2023-06-23 15:56:25,945 INFO    HandlerThread:1361893 [system_monitor.py:probe():201] Collecting system info
2023-06-23 15:56:25,945 INFO    SystemMonitor:1361893 [interfaces.py:start():190] Started cpu monitoring
2023-06-23 15:56:25,946 INFO    SystemMonitor:1361893 [interfaces.py:start():190] Started disk monitoring
2023-06-23 15:56:25,947 INFO    SystemMonitor:1361893 [interfaces.py:start():190] Started gpu monitoring
2023-06-23 15:56:25,947 INFO    SystemMonitor:1361893 [interfaces.py:start():190] Started memory monitoring
2023-06-23 15:56:25,948 INFO    SystemMonitor:1361893 [interfaces.py:start():190] Started network monitoring
2023-06-23 15:56:25,968 DEBUG   HandlerThread:1361893 [system_info.py:probe():195] Probing system
2023-06-23 15:56:25,973 DEBUG   HandlerThread:1361893 [system_info.py:_probe_git():180] Probing git
2023-06-23 15:56:25,981 DEBUG   HandlerThread:1361893 [system_info.py:_probe_git():188] Probing git done
2023-06-23 15:56:25,981 DEBUG   HandlerThread:1361893 [system_info.py:probe():240] Probing system done
2023-06-23 15:56:25,982 DEBUG   HandlerThread:1361893 [system_monitor.py:probe():210] {'os': 'Linux-5.15.0-71-generic-x86_64-with-glibc2.31', 'python': '3.9.13', 'heartbeatAt': '2023-06-23T07:56:25.968216', 'startedAt': '2023-06-23T07:56:13.537031', 'docker': None, 'cuda': None, 'args': ('--notes', 'LGN_+_AdaLoss_mlp', '--temp_tau', '0.12', '--adaptive_method', 'mlp', '--centroid_mode', 'eigenvector', '--commonNeighbor_mode', 'SC', '--project', 'GCLRec_No_Valid', '--name', 'LightGCN+AdaLoss', '--model', 'LightGCN', '--augment', 'No', '--loss', 'Adaptive', '--adaloss_mode', 'pos', '--train_mode', 'origin', '--dataset', 'yelp2018', '--init_method', 'Normal', '--lr', '0.001', '--weight_decay', '1e-4', '--cuda', '0', '--num_layers', '3', '--latent_dim_rec', '64', '--batch_size', '2048', '--comment', '_', '--if_valid', '0', '--tag', 'Adaptive_loss', '--group', 'Ours', '--job_type', 'yelp2018', '--if_visual', '0', '--visual_epoch', '3'), 'state': 'running', 'program': '/home/cgm/code/CGM__GCLRec/code/main.py', 'codePath': 'code/main.py', 'git': {'remote': 'https://github.com/emiliencgm/CGM__GCLRec.git', 'commit': 'a11641d7dfb8ac06de55a2cbf0d34250ee8aa226'}, 'email': '131215707706@163.com', 'root': '/home/cgm/code/CGM__GCLRec', 'host': 'user-System-Product-Name', 'username': 'cgm', 'executable': '/home/cgm/anaconda3/bin/python', 'cpu_count': 10, 'cpu_count_logical': 20, 'cpu_freq': {'current': 3.759950000000001, 'min': 800.0, 'max': 5300.0}, 'cpu_freq_per_core': [{'current': 3.7, 'min': 800.0, 'max': 5300.0}, {'current': 3.7, 'min': 800.0, 'max': 5300.0}, {'current': 3.7, 'min': 800.0, 'max': 5300.0}, {'current': 3.7, 'min': 800.0, 'max': 5300.0}, {'current': 3.7, 'min': 800.0, 'max': 5300.0}, {'current': 3.7, 'min': 800.0, 'max': 5300.0}, {'current': 3.7, 'min': 800.0, 'max': 5300.0}, {'current': 3.7, 'min': 800.0, 'max': 5300.0}, {'current': 3.7, 'min': 800.0, 'max': 5300.0}, {'current': 3.7, 'min': 800.0, 'max': 5300.0}, {'current': 4.3, 'min': 800.0, 'max': 5300.0}, {'current': 3.7, 'min': 800.0, 'max': 5300.0}, {'current': 3.7, 'min': 800.0, 'max': 5300.0}, {'current': 3.7, 'min': 800.0, 'max': 5300.0}, {'current': 3.7, 'min': 800.0, 'max': 5300.0}, {'current': 4.299, 'min': 800.0, 'max': 5300.0}, {'current': 3.7, 'min': 800.0, 'max': 5300.0}, {'current': 3.7, 'min': 800.0, 'max': 5300.0}, {'current': 3.7, 'min': 800.0, 'max': 5300.0}, {'current': 3.7, 'min': 800.0, 'max': 5300.0}], 'disk': {'total': 915.3232879638672, 'used': 859.0389251708984}, 'gpu': 'NVIDIA GeForce RTX 3090', 'gpu_count': 1, 'gpu_devices': [{'name': 'NVIDIA GeForce RTX 3090', 'memory_total': 25769803776}], 'memory': {'total': 62.657814025878906}}
2023-06-23 15:56:25,982 INFO    HandlerThread:1361893 [system_monitor.py:probe():211] Finished collecting system info
2023-06-23 15:56:25,982 INFO    HandlerThread:1361893 [system_monitor.py:probe():214] Publishing system info
2023-06-23 15:56:25,982 DEBUG   HandlerThread:1361893 [system_info.py:_save_pip():51] Saving list of pip packages installed into the current environment
2023-06-23 15:56:25,982 DEBUG   HandlerThread:1361893 [system_info.py:_save_pip():67] Saving pip packages done
2023-06-23 15:56:25,982 DEBUG   HandlerThread:1361893 [system_info.py:_save_conda():74] Saving list of conda packages installed into the current environment
2023-06-23 15:56:26,532 INFO    Thread-12 :1361893 [dir_watcher.py:_on_file_created():278] file/dir created: /home/cgm/code/CGM__GCLRec/code/wandb/run-20230623_155613-h0k7akz9/files/conda-environment.yaml
2023-06-23 15:56:26,532 INFO    Thread-12 :1361893 [dir_watcher.py:_on_file_created():278] file/dir created: /home/cgm/code/CGM__GCLRec/code/wandb/run-20230623_155613-h0k7akz9/files/requirements.txt
2023-06-23 15:56:26,532 INFO    Thread-12 :1361893 [dir_watcher.py:_on_file_created():278] file/dir created: /home/cgm/code/CGM__GCLRec/code/wandb/run-20230623_155613-h0k7akz9/files/wandb-summary.json
2023-06-23 15:56:30,908 DEBUG   HandlerThread:1361893 [system_info.py:_save_conda():86] Saving conda packages done
2023-06-23 15:56:30,909 DEBUG   HandlerThread:1361893 [system_info.py:_save_code():89] Saving code
2023-06-23 15:56:30,914 DEBUG   HandlerThread:1361893 [system_info.py:_save_code():110] Saving code done
2023-06-23 15:56:30,914 DEBUG   HandlerThread:1361893 [system_info.py:_save_patches():127] Saving git patches
2023-06-23 15:56:31,009 DEBUG   HandlerThread:1361893 [system_info.py:_save_patches():169] Saving git patches done
2023-06-23 15:56:31,010 INFO    HandlerThread:1361893 [system_monitor.py:probe():216] Finished publishing system info
2023-06-23 15:56:31,013 DEBUG   HandlerThread:1361893 [handler.py:handle_request():144] handle_request: status_report
2023-06-23 15:56:31,014 DEBUG   HandlerThread:1361893 [handler.py:handle_request():144] handle_request: keepalive
2023-06-23 15:56:31,014 DEBUG   SenderThread:1361893 [sender.py:send():375] send: files
2023-06-23 15:56:31,014 INFO    SenderThread:1361893 [sender.py:_save_file():1378] saving file wandb-metadata.json with policy now
2023-06-23 15:56:31,014 INFO    SenderThread:1361893 [sender.py:_save_file():1378] saving file code/code/main.py with policy now
2023-06-23 15:56:31,014 INFO    SenderThread:1361893 [sender.py:_save_file():1378] saving file diff.patch with policy now
2023-06-23 15:56:31,015 INFO    SenderThread:1361893 [sender.py:_save_file():1378] saving file upstream_diff_d4df3496e0af73c9465b913f424f38f078b8b25d.patch with policy now
2023-06-23 15:56:31,017 DEBUG   HandlerThread:1361893 [handler.py:handle_request():144] handle_request: stop_status
2023-06-23 15:56:31,018 DEBUG   SenderThread:1361893 [sender.py:send_request():402] send_request: stop_status
2023-06-23 15:56:31,453 DEBUG   SenderThread:1361893 [sender.py:send():375] send: telemetry
2023-06-23 15:56:31,453 DEBUG   SenderThread:1361893 [sender.py:send():375] send: metric
2023-06-23 15:56:31,453 DEBUG   SenderThread:1361893 [sender.py:send():375] send: telemetry
2023-06-23 15:56:31,453 DEBUG   SenderThread:1361893 [sender.py:send():375] send: metric
2023-06-23 15:56:31,453 DEBUG   SenderThread:1361893 [sender.py:send():375] send: metric
2023-06-23 15:56:31,453 DEBUG   SenderThread:1361893 [sender.py:send():375] send: metric
2023-06-23 15:56:31,454 DEBUG   SenderThread:1361893 [sender.py:send():375] send: metric
2023-06-23 15:56:31,454 DEBUG   SenderThread:1361893 [sender.py:send():375] send: metric
2023-06-23 15:56:31,454 DEBUG   SenderThread:1361893 [sender.py:send():375] send: metric
2023-06-23 15:56:31,454 DEBUG   SenderThread:1361893 [sender.py:send():375] send: metric
2023-06-23 15:56:31,454 DEBUG   SenderThread:1361893 [sender.py:send():375] send: metric
2023-06-23 15:56:31,454 DEBUG   SenderThread:1361893 [sender.py:send():375] send: metric
2023-06-23 15:56:31,454 DEBUG   SenderThread:1361893 [sender.py:send():375] send: metric
2023-06-23 15:56:31,454 DEBUG   SenderThread:1361893 [sender.py:send():375] send: metric
2023-06-23 15:56:31,454 DEBUG   SenderThread:1361893 [sender.py:send():375] send: metric
2023-06-23 15:56:31,454 DEBUG   SenderThread:1361893 [sender.py:send():375] send: metric
2023-06-23 15:56:31,454 DEBUG   SenderThread:1361893 [sender.py:send():375] send: metric
2023-06-23 15:56:31,454 DEBUG   SenderThread:1361893 [sender.py:send():375] send: metric
2023-06-23 15:56:31,454 DEBUG   SenderThread:1361893 [sender.py:send():375] send: metric
2023-06-23 15:56:31,454 DEBUG   SenderThread:1361893 [sender.py:send():375] send: metric
2023-06-23 15:56:31,455 DEBUG   SenderThread:1361893 [sender.py:send():375] send: metric
2023-06-23 15:56:31,455 DEBUG   SenderThread:1361893 [sender.py:send():375] send: metric
2023-06-23 15:56:31,455 DEBUG   SenderThread:1361893 [sender.py:send():375] send: metric
2023-06-23 15:56:31,455 DEBUG   SenderThread:1361893 [sender.py:send():375] send: metric
2023-06-23 15:56:31,455 DEBUG   SenderThread:1361893 [sender.py:send():375] send: metric
2023-06-23 15:56:31,455 DEBUG   SenderThread:1361893 [sender.py:send():375] send: metric
2023-06-23 15:56:31,455 DEBUG   SenderThread:1361893 [sender.py:send():375] send: metric
2023-06-23 15:56:31,455 DEBUG   SenderThread:1361893 [sender.py:send():375] send: metric
2023-06-23 15:56:31,455 DEBUG   SenderThread:1361893 [sender.py:send():375] send: metric
2023-06-23 15:56:31,455 DEBUG   SenderThread:1361893 [sender.py:send():375] send: metric
2023-06-23 15:56:31,455 DEBUG   SenderThread:1361893 [sender.py:send():375] send: metric
2023-06-23 15:56:31,471 INFO    wandb-upload_1:1361893 [upload_job.py:push():117] Skipped uploading /tmp/tmprnk35agxwandb/f4ba4lee-code/code/main.py
2023-06-23 15:56:31,532 INFO    Thread-12 :1361893 [dir_watcher.py:_on_file_modified():295] file/dir modified: /home/cgm/code/CGM__GCLRec/code/wandb/run-20230623_155613-h0k7akz9/files/conda-environment.yaml
2023-06-23 15:56:31,532 INFO    Thread-12 :1361893 [dir_watcher.py:_on_file_created():278] file/dir created: /home/cgm/code/CGM__GCLRec/code/wandb/run-20230623_155613-h0k7akz9/files/code/code/main.py
2023-06-23 15:56:31,532 INFO    Thread-12 :1361893 [dir_watcher.py:_on_file_created():278] file/dir created: /home/cgm/code/CGM__GCLRec/code/wandb/run-20230623_155613-h0k7akz9/files/upstream_diff_d4df3496e0af73c9465b913f424f38f078b8b25d.patch
2023-06-23 15:56:31,533 INFO    Thread-12 :1361893 [dir_watcher.py:_on_file_created():278] file/dir created: /home/cgm/code/CGM__GCLRec/code/wandb/run-20230623_155613-h0k7akz9/files/diff.patch
2023-06-23 15:56:31,533 INFO    Thread-12 :1361893 [dir_watcher.py:_on_file_created():278] file/dir created: /home/cgm/code/CGM__GCLRec/code/wandb/run-20230623_155613-h0k7akz9/files/wandb-metadata.json
2023-06-23 15:56:31,533 INFO    Thread-12 :1361893 [dir_watcher.py:_on_file_created():278] file/dir created: /home/cgm/code/CGM__GCLRec/code/wandb/run-20230623_155613-h0k7akz9/files/output.log
2023-06-23 15:56:31,533 INFO    Thread-12 :1361893 [dir_watcher.py:_on_file_created():278] file/dir created: /home/cgm/code/CGM__GCLRec/code/wandb/run-20230623_155613-h0k7akz9/files/code
2023-06-23 15:56:31,533 INFO    Thread-12 :1361893 [dir_watcher.py:_on_file_created():278] file/dir created: /home/cgm/code/CGM__GCLRec/code/wandb/run-20230623_155613-h0k7akz9/files/code/code
2023-06-23 15:56:31,818 DEBUG   SenderThread:1361893 [sender.py:send():375] send: exit
2023-06-23 15:56:31,818 INFO    SenderThread:1361893 [sender.py:send_exit():598] handling exit code: 255
2023-06-23 15:56:31,818 INFO    SenderThread:1361893 [sender.py:send_exit():600] handling runtime: 5
2023-06-23 15:56:31,819 INFO    SenderThread:1361893 [sender.py:_save_file():1378] saving file wandb-summary.json with policy end
2023-06-23 15:56:31,819 INFO    SenderThread:1361893 [sender.py:send_exit():606] send defer
2023-06-23 15:56:31,819 DEBUG   HandlerThread:1361893 [handler.py:handle_request():144] handle_request: defer
2023-06-23 15:56:31,820 INFO    HandlerThread:1361893 [handler.py:handle_request_defer():170] handle defer: 0
2023-06-23 15:56:31,820 DEBUG   SenderThread:1361893 [sender.py:send_request():402] send_request: defer
2023-06-23 15:56:31,820 INFO    SenderThread:1361893 [sender.py:send_request_defer():622] handle sender defer: 0
2023-06-23 15:56:31,820 INFO    SenderThread:1361893 [sender.py:transition_state():626] send defer: 1
2023-06-23 15:56:31,820 DEBUG   HandlerThread:1361893 [handler.py:handle_request():144] handle_request: defer
2023-06-23 15:56:31,820 INFO    HandlerThread:1361893 [handler.py:handle_request_defer():170] handle defer: 1
2023-06-23 15:56:31,820 DEBUG   SenderThread:1361893 [sender.py:send_request():402] send_request: defer
2023-06-23 15:56:31,820 INFO    SenderThread:1361893 [sender.py:send_request_defer():622] handle sender defer: 1
2023-06-23 15:56:31,820 INFO    SenderThread:1361893 [sender.py:transition_state():626] send defer: 2
2023-06-23 15:56:31,820 DEBUG   HandlerThread:1361893 [handler.py:handle_request():144] handle_request: defer
2023-06-23 15:56:31,820 INFO    HandlerThread:1361893 [handler.py:handle_request_defer():170] handle defer: 2
2023-06-23 15:56:31,820 INFO    HandlerThread:1361893 [system_monitor.py:finish():190] Stopping system monitor
2023-06-23 15:56:31,820 DEBUG   SystemMonitor:1361893 [system_monitor.py:_start():159] Starting system metrics aggregation loop
2023-06-23 15:56:31,821 DEBUG   SystemMonitor:1361893 [system_monitor.py:_start():166] Finished system metrics aggregation loop
2023-06-23 15:56:31,821 DEBUG   SystemMonitor:1361893 [system_monitor.py:_start():170] Publishing last batch of metrics
2023-06-23 15:56:31,821 INFO    HandlerThread:1361893 [interfaces.py:finish():202] Joined cpu monitor
2023-06-23 15:56:31,821 INFO    HandlerThread:1361893 [interfaces.py:finish():202] Joined disk monitor
2023-06-23 15:56:31,857 INFO    wandb-upload_0:1361893 [upload_job.py:push():137] Uploaded file /tmp/tmprnk35agxwandb/73gwm1qv-wandb-metadata.json
2023-06-23 15:56:31,867 INFO    HandlerThread:1361893 [interfaces.py:finish():202] Joined gpu monitor
2023-06-23 15:56:31,867 INFO    HandlerThread:1361893 [interfaces.py:finish():202] Joined memory monitor
2023-06-23 15:56:31,867 INFO    HandlerThread:1361893 [interfaces.py:finish():202] Joined network monitor
2023-06-23 15:56:31,868 DEBUG   SenderThread:1361893 [sender.py:send_request():402] send_request: defer
2023-06-23 15:56:31,868 INFO    SenderThread:1361893 [sender.py:send_request_defer():622] handle sender defer: 2
2023-06-23 15:56:31,868 INFO    SenderThread:1361893 [sender.py:transition_state():626] send defer: 3
2023-06-23 15:56:31,868 DEBUG   SenderThread:1361893 [sender.py:send():375] send: stats
2023-06-23 15:56:31,868 DEBUG   HandlerThread:1361893 [handler.py:handle_request():144] handle_request: defer
2023-06-23 15:56:31,868 INFO    HandlerThread:1361893 [handler.py:handle_request_defer():170] handle defer: 3
2023-06-23 15:56:31,868 DEBUG   SenderThread:1361893 [sender.py:send_request():402] send_request: defer
2023-06-23 15:56:31,868 INFO    SenderThread:1361893 [sender.py:send_request_defer():622] handle sender defer: 3
2023-06-23 15:56:31,868 INFO    SenderThread:1361893 [sender.py:transition_state():626] send defer: 4
2023-06-23 15:56:31,868 DEBUG   HandlerThread:1361893 [handler.py:handle_request():144] handle_request: defer
2023-06-23 15:56:31,868 INFO    HandlerThread:1361893 [handler.py:handle_request_defer():170] handle defer: 4
2023-06-23 15:56:31,868 DEBUG   SenderThread:1361893 [sender.py:send_request():402] send_request: defer
2023-06-23 15:56:31,868 INFO    SenderThread:1361893 [sender.py:send_request_defer():622] handle sender defer: 4
2023-06-23 15:56:31,868 INFO    SenderThread:1361893 [sender.py:transition_state():626] send defer: 5
2023-06-23 15:56:31,869 DEBUG   HandlerThread:1361893 [handler.py:handle_request():144] handle_request: defer
2023-06-23 15:56:31,869 INFO    HandlerThread:1361893 [handler.py:handle_request_defer():170] handle defer: 5
2023-06-23 15:56:31,869 DEBUG   SenderThread:1361893 [sender.py:send():375] send: summary
2023-06-23 15:56:31,869 INFO    SenderThread:1361893 [sender.py:_save_file():1378] saving file wandb-summary.json with policy end
2023-06-23 15:56:31,869 DEBUG   SenderThread:1361893 [sender.py:send_request():402] send_request: defer
2023-06-23 15:56:31,869 INFO    SenderThread:1361893 [sender.py:send_request_defer():622] handle sender defer: 5
2023-06-23 15:56:31,869 INFO    SenderThread:1361893 [sender.py:transition_state():626] send defer: 6
2023-06-23 15:56:31,869 DEBUG   HandlerThread:1361893 [handler.py:handle_request():144] handle_request: defer
2023-06-23 15:56:31,869 INFO    HandlerThread:1361893 [handler.py:handle_request_defer():170] handle defer: 6
2023-06-23 15:56:31,869 DEBUG   SenderThread:1361893 [sender.py:send_request():402] send_request: defer
2023-06-23 15:56:31,869 INFO    SenderThread:1361893 [sender.py:send_request_defer():622] handle sender defer: 6
2023-06-23 15:56:31,872 DEBUG   HandlerThread:1361893 [handler.py:handle_request():144] handle_request: status_report
2023-06-23 15:56:32,532 INFO    Thread-12 :1361893 [dir_watcher.py:_on_file_modified():295] file/dir modified: /home/cgm/code/CGM__GCLRec/code/wandb/run-20230623_155613-h0k7akz9/files/wandb-summary.json
2023-06-23 15:56:32,818 DEBUG   HandlerThread:1361893 [handler.py:handle_request():144] handle_request: poll_exit
2023-06-23 15:56:33,151 INFO    wandb-upload_2:1361893 [upload_job.py:push():137] Uploaded file /tmp/tmprnk35agxwandb/yjoqp3x4-diff.patch
2023-06-23 15:56:33,533 INFO    Thread-12 :1361893 [dir_watcher.py:_on_file_modified():295] file/dir modified: /home/cgm/code/CGM__GCLRec/code/wandb/run-20230623_155613-h0k7akz9/files/output.log
2023-06-23 15:56:34,533 INFO    Thread-12 :1361893 [dir_watcher.py:_on_file_modified():295] file/dir modified: /home/cgm/code/CGM__GCLRec/code/wandb/run-20230623_155613-h0k7akz9/files/output.log
2023-06-23 15:56:37,819 DEBUG   HandlerThread:1361893 [handler.py:handle_request():144] handle_request: keepalive
2023-06-23 15:56:38,565 WARNING StreamThr :1361893 [internal.py:is_dead():414] Internal process exiting, parent pid 1361862 disappeared
2023-06-23 15:56:38,565 ERROR   StreamThr :1361893 [internal.py:wandb_internal():152] Internal process shutdown.
2023-06-23 15:56:38,819 INFO    WriterThread:1361893 [datastore.py:close():298] close: /home/cgm/code/CGM__GCLRec/code/wandb/run-20230623_155613-h0k7akz9/run-h0k7akz9.wandb
2023-06-23 15:56:38,819 INFO    HandlerThread:1361893 [handler.py:finish():842] shutting down handler
2023-06-23 15:57:05,504 INFO    SenderThread:1361893 [retry.py:__call__():172] Retry attempt failed:
Traceback (most recent call last):
  File "/home/cgm/anaconda3/lib/python3.9/site-packages/urllib3/connectionpool.py", line 449, in _make_request
    six.raise_from(e, None)
  File "<string>", line 3, in raise_from
  File "/home/cgm/anaconda3/lib/python3.9/site-packages/urllib3/connectionpool.py", line 444, in _make_request
    httplib_response = conn.getresponse()
  File "/home/cgm/anaconda3/lib/python3.9/http/client.py", line 1377, in getresponse
    response.begin()
  File "/home/cgm/anaconda3/lib/python3.9/http/client.py", line 320, in begin
    version, status, reason = self._read_status()
  File "/home/cgm/anaconda3/lib/python3.9/http/client.py", line 281, in _read_status
    line = str(self.fp.readline(_MAXLINE + 1), "iso-8859-1")
  File "/home/cgm/anaconda3/lib/python3.9/socket.py", line 704, in readinto
    return self._sock.recv_into(b)
  File "/home/cgm/anaconda3/lib/python3.9/ssl.py", line 1242, in recv_into
    return self.read(nbytes, buffer)
  File "/home/cgm/anaconda3/lib/python3.9/ssl.py", line 1100, in read
    return self._sslobj.read(len, buffer)
socket.timeout: The read operation timed out

During handling of the above exception, another exception occurred:

Traceback (most recent call last):
  File "/home/cgm/anaconda3/lib/python3.9/site-packages/requests/adapters.py", line 489, in send
    resp = conn.urlopen(
  File "/home/cgm/anaconda3/lib/python3.9/site-packages/urllib3/connectionpool.py", line 787, in urlopen
    retries = retries.increment(
  File "/home/cgm/anaconda3/lib/python3.9/site-packages/urllib3/util/retry.py", line 550, in increment
    raise six.reraise(type(error), error, _stacktrace)
  File "/home/cgm/anaconda3/lib/python3.9/site-packages/urllib3/packages/six.py", line 770, in reraise
    raise value
  File "/home/cgm/anaconda3/lib/python3.9/site-packages/urllib3/connectionpool.py", line 703, in urlopen
    httplib_response = self._make_request(
  File "/home/cgm/anaconda3/lib/python3.9/site-packages/urllib3/connectionpool.py", line 451, in _make_request
    self._raise_timeout(err=e, url=url, timeout_value=read_timeout)
  File "/home/cgm/anaconda3/lib/python3.9/site-packages/urllib3/connectionpool.py", line 340, in _raise_timeout
    raise ReadTimeoutError(
urllib3.exceptions.ReadTimeoutError: HTTPSConnectionPool(host='api.wandb.ai', port=443): Read timed out. (read timeout=10)

During handling of the above exception, another exception occurred:

Traceback (most recent call last):
  File "/home/cgm/anaconda3/lib/python3.9/site-packages/wandb/sdk/lib/retry.py", line 131, in __call__
    result = self._call_fn(*args, **kwargs)
  File "/home/cgm/anaconda3/lib/python3.9/site-packages/wandb/sdk/internal/internal_api.py", line 285, in execute
    return self.client.execute(*args, **kwargs)  # type: ignore
  File "/home/cgm/anaconda3/lib/python3.9/site-packages/wandb/vendor/gql-0.2.0/wandb_gql/client.py", line 52, in execute
    result = self._get_result(document, *args, **kwargs)
  File "/home/cgm/anaconda3/lib/python3.9/site-packages/wandb/vendor/gql-0.2.0/wandb_gql/client.py", line 60, in _get_result
    return self.transport.execute(document, *args, **kwargs)
  File "/home/cgm/anaconda3/lib/python3.9/site-packages/wandb/sdk/lib/gql_request.py", line 55, in execute
    request = self.session.post(self.url, **post_args)
  File "/home/cgm/anaconda3/lib/python3.9/site-packages/requests/sessions.py", line 635, in post
    return self.request("POST", url, data=data, json=json, **kwargs)
  File "/home/cgm/anaconda3/lib/python3.9/site-packages/requests/sessions.py", line 587, in request
    resp = self.send(prep, **send_kwargs)
  File "/home/cgm/anaconda3/lib/python3.9/site-packages/requests/sessions.py", line 701, in send
    r = adapter.send(request, **kwargs)
  File "/home/cgm/anaconda3/lib/python3.9/site-packages/requests/adapters.py", line 578, in send
    raise ReadTimeout(e, request=request)
requests.exceptions.ReadTimeout: HTTPSConnectionPool(host='api.wandb.ai', port=443): Read timed out. (read timeout=10)
2023-06-23 15:57:10,228 INFO    SenderThread:1361893 [sender.py:transition_state():626] send defer: 7
2023-06-23 15:57:10,228 INFO    SenderThread:1361893 [sender.py:finish():1550] shutting down sender
2023-06-23 15:57:10,543 INFO    Thread-12 :1361893 [dir_watcher.py:_on_file_modified():295] file/dir modified: /home/cgm/code/CGM__GCLRec/code/wandb/run-20230623_155613-h0k7akz9/files/config.yaml
2023-06-23 15:57:11,859 INFO    SenderThread:1361893 [dir_watcher.py:finish():365] shutting down directory watcher
2023-06-23 15:57:12,543 INFO    SenderThread:1361893 [dir_watcher.py:_on_file_modified():295] file/dir modified: /home/cgm/code/CGM__GCLRec/code/wandb/run-20230623_155613-h0k7akz9/files/output.log
2023-06-23 15:57:12,544 INFO    SenderThread:1361893 [dir_watcher.py:finish():395] scan: /home/cgm/code/CGM__GCLRec/code/wandb/run-20230623_155613-h0k7akz9/files
2023-06-23 15:57:12,544 INFO    SenderThread:1361893 [dir_watcher.py:finish():409] scan save: /home/cgm/code/CGM__GCLRec/code/wandb/run-20230623_155613-h0k7akz9/files/config.yaml config.yaml
2023-06-23 15:57:12,544 INFO    SenderThread:1361893 [dir_watcher.py:finish():409] scan save: /home/cgm/code/CGM__GCLRec/code/wandb/run-20230623_155613-h0k7akz9/files/upstream_diff_d4df3496e0af73c9465b913f424f38f078b8b25d.patch upstream_diff_d4df3496e0af73c9465b913f424f38f078b8b25d.patch
2023-06-23 15:57:12,544 INFO    SenderThread:1361893 [dir_watcher.py:finish():409] scan save: /home/cgm/code/CGM__GCLRec/code/wandb/run-20230623_155613-h0k7akz9/files/requirements.txt requirements.txt
2023-06-23 15:57:12,544 INFO    SenderThread:1361893 [dir_watcher.py:finish():409] scan save: /home/cgm/code/CGM__GCLRec/code/wandb/run-20230623_155613-h0k7akz9/files/wandb-summary.json wandb-summary.json
2023-06-23 15:57:12,545 INFO    SenderThread:1361893 [dir_watcher.py:finish():409] scan save: /home/cgm/code/CGM__GCLRec/code/wandb/run-20230623_155613-h0k7akz9/files/diff.patch diff.patch
2023-06-23 15:57:12,548 INFO    SenderThread:1361893 [dir_watcher.py:finish():409] scan save: /home/cgm/code/CGM__GCLRec/code/wandb/run-20230623_155613-h0k7akz9/files/conda-environment.yaml conda-environment.yaml
2023-06-23 15:57:12,548 INFO    SenderThread:1361893 [dir_watcher.py:finish():409] scan save: /home/cgm/code/CGM__GCLRec/code/wandb/run-20230623_155613-h0k7akz9/files/output.log output.log
2023-06-23 15:57:12,550 INFO    SenderThread:1361893 [dir_watcher.py:finish():409] scan save: /home/cgm/code/CGM__GCLRec/code/wandb/run-20230623_155613-h0k7akz9/files/wandb-metadata.json wandb-metadata.json
2023-06-23 15:57:12,553 INFO    SenderThread:1361893 [dir_watcher.py:finish():409] scan save: /home/cgm/code/CGM__GCLRec/code/wandb/run-20230623_155613-h0k7akz9/files/code/code/main.py code/code/main.py
2023-06-23 15:57:12,553 INFO    SenderThread:1361893 [file_pusher.py:finish():167] shutting down file pusher
2023-06-23 15:57:12,554 INFO    SenderThread:1361893 [file_pusher.py:join():172] waiting for file pusher
2023-06-23 15:57:13,214 INFO    wandb-upload_2:1361893 [upload_job.py:push():137] Uploaded file /home/cgm/code/CGM__GCLRec/code/wandb/run-20230623_155613-h0k7akz9/files/wandb-summary.json
2023-06-23 15:57:13,216 INFO    wandb-upload_0:1361893 [upload_job.py:push():137] Uploaded file /home/cgm/code/CGM__GCLRec/code/wandb/run-20230623_155613-h0k7akz9/files/requirements.txt
2023-06-23 15:59:40,620 INFO    wandb-upload_5:1361893 [upload_job.py:push():137] Uploaded file /home/cgm/code/CGM__GCLRec/code/wandb/run-20230623_155613-h0k7akz9/files/output.log
2023-06-23 15:59:40,644 INFO    wandb-upload_1:1361893 [upload_job.py:push():137] Uploaded file /home/cgm/code/CGM__GCLRec/code/wandb/run-20230623_155613-h0k7akz9/files/config.yaml
2023-06-23 15:59:42,893 INFO    wandb-upload_4:1361893 [upload_job.py:push():137] Uploaded file /home/cgm/code/CGM__GCLRec/code/wandb/run-20230623_155613-h0k7akz9/files/conda-environment.yaml
2023-06-23 16:02:31,709 ERROR   wandb-upload_3:1361893 [internal_api.py:upload_file():2099] upload_file exception https://storage.googleapis.com/wandb-production.appspot.com/cgm_emilien/GCLRec_No_Valid/h0k7akz9/upstream_diff_d4df3496e0af73c9465b913f424f38f078b8b25d.patch?Expires=1687593391&GoogleAccessId=wandb-production%40appspot.gserviceaccount.com&Signature=VQzjBkRcv6oMZzzreLZFjnVHxvuZ%2FWJ4BYYR64ux8jbwhK1zm3iLd81q%2Fa0qou%2B2Nm2rLfCx8POyyRHn718oclGow48%2BTwCe5z2iFjmNIvOoXuuGJO4yd7vzjmdSqUvh8mkpVG%2Bp3TfHMCB8nV%2FLKp9Oc5Co9aW8IViqavWYS2jhdnPIfnyKgSk5LerHOtu6BUt7HqTWNwAf3eN4fwb%2BNSyCogt%2BAl9jiX4%2Bo0s62B88eUVElpLrxz2NTG%2FGWoELle%2F8nYw8OE12GCtiXobs9hXoVdCztj2FsZp9fl7WUtyPJGxvK7EUMZVgQETqdb6Q9f860vRVY8Jae3k2jcVlvQ%3D%3D: 408 Client Error: Request Timeout for url: https://storage.googleapis.com/wandb-production.appspot.com/cgm_emilien/GCLRec_No_Valid/h0k7akz9/upstream_diff_d4df3496e0af73c9465b913f424f38f078b8b25d.patch?Expires=1687593391&GoogleAccessId=wandb-production%40appspot.gserviceaccount.com&Signature=VQzjBkRcv6oMZzzreLZFjnVHxvuZ%2FWJ4BYYR64ux8jbwhK1zm3iLd81q%2Fa0qou%2B2Nm2rLfCx8POyyRHn718oclGow48%2BTwCe5z2iFjmNIvOoXuuGJO4yd7vzjmdSqUvh8mkpVG%2Bp3TfHMCB8nV%2FLKp9Oc5Co9aW8IViqavWYS2jhdnPIfnyKgSk5LerHOtu6BUt7HqTWNwAf3eN4fwb%2BNSyCogt%2BAl9jiX4%2Bo0s62B88eUVElpLrxz2NTG%2FGWoELle%2F8nYw8OE12GCtiXobs9hXoVdCztj2FsZp9fl7WUtyPJGxvK7EUMZVgQETqdb6Q9f860vRVY8Jae3k2jcVlvQ%3D%3D
2023-06-23 16:02:31,709 ERROR   wandb-upload_3:1361893 [internal_api.py:upload_file():2101] upload_file request headers: {'User-Agent': 'python-requests/2.28.1', 'Accept-Encoding': 'gzip, deflate, br', 'Accept': '*/*', 'Connection': 'keep-alive', 'Content-Length': '67660'}
2023-06-23 16:02:31,709 ERROR   wandb-upload_3:1361893 [internal_api.py:upload_file():2103] upload_file response body: b'<!DOCTYPE html>\n<html lang=en>\n  <meta charset=utf-8>\n  <meta name=viewport content="initial-scale=1, minimum-scale=1, width=device-width">\n  <title>Error 408 (Request Timeout)!!1</title>\n  <style>\n    *{margin:0;padding:0}html,code{font:15px/22px arial,sans-serif}html{background:#fff;color:#222;padding:15px}body{margin:7% auto 0;max-width:390px;min-height:180px;padding:30px 0 15px}* > body{background:url(//www.google.com/images/errors/robot.png) 100% 5px no-repeat;padding-right:205px}p{margin:11px 0 22px;overflow:hidden}ins{color:#777;text-decoration:none}a img{border:0}@media screen and (max-width:772px){body{background:none;margin-top:0;max-width:none;padding-right:0}}#logo{background:url(//www.google.com/images/branding/googlelogo/1x/googlelogo_color_150x54dp.png) no-repeat;margin-left:-5px}@media only screen and (min-resolution:192dpi){#logo{background:url(//www.google.com/images/branding/googlelogo/2x/googlelogo_color_150x54dp.png) no-repeat 0% 0%/100% 100%;-moz-border-image:url(//www.google.com/images/branding/googlelogo/2x/googlelogo_color_150x54dp.png) 0}}@media only screen and (-webkit-min-device-pixel-ratio:2){#logo{background:url(//www.google.com/images/branding/googlelogo/2x/googlelogo_color_150x54dp.png) no-repeat;-webkit-background-size:100% 100%}}#logo{display:inline-block;height:54px;width:150px}\n  </style>\n  <a href=//www.google.com/><span id=logo aria-label=Google></span></a>\n  <p><b>408.</b> <ins>That\xe2\x80\x99s an error.</ins>\n  <p>Your client has taken too long to issue its request.  <ins>That\xe2\x80\x99s all we know.</ins>\n'
2023-06-23 16:08:33,012 ERROR   wandb-upload_3:1361893 [internal_api.py:upload_file():2099] upload_file exception https://storage.googleapis.com/wandb-production.appspot.com/cgm_emilien/GCLRec_No_Valid/h0k7akz9/upstream_diff_d4df3496e0af73c9465b913f424f38f078b8b25d.patch?Expires=1687593391&GoogleAccessId=wandb-production%40appspot.gserviceaccount.com&Signature=VQzjBkRcv6oMZzzreLZFjnVHxvuZ%2FWJ4BYYR64ux8jbwhK1zm3iLd81q%2Fa0qou%2B2Nm2rLfCx8POyyRHn718oclGow48%2BTwCe5z2iFjmNIvOoXuuGJO4yd7vzjmdSqUvh8mkpVG%2Bp3TfHMCB8nV%2FLKp9Oc5Co9aW8IViqavWYS2jhdnPIfnyKgSk5LerHOtu6BUt7HqTWNwAf3eN4fwb%2BNSyCogt%2BAl9jiX4%2Bo0s62B88eUVElpLrxz2NTG%2FGWoELle%2F8nYw8OE12GCtiXobs9hXoVdCztj2FsZp9fl7WUtyPJGxvK7EUMZVgQETqdb6Q9f860vRVY8Jae3k2jcVlvQ%3D%3D: 408 Client Error: Request Timeout for url: https://storage.googleapis.com/wandb-production.appspot.com/cgm_emilien/GCLRec_No_Valid/h0k7akz9/upstream_diff_d4df3496e0af73c9465b913f424f38f078b8b25d.patch?Expires=1687593391&GoogleAccessId=wandb-production%40appspot.gserviceaccount.com&Signature=VQzjBkRcv6oMZzzreLZFjnVHxvuZ%2FWJ4BYYR64ux8jbwhK1zm3iLd81q%2Fa0qou%2B2Nm2rLfCx8POyyRHn718oclGow48%2BTwCe5z2iFjmNIvOoXuuGJO4yd7vzjmdSqUvh8mkpVG%2Bp3TfHMCB8nV%2FLKp9Oc5Co9aW8IViqavWYS2jhdnPIfnyKgSk5LerHOtu6BUt7HqTWNwAf3eN4fwb%2BNSyCogt%2BAl9jiX4%2Bo0s62B88eUVElpLrxz2NTG%2FGWoELle%2F8nYw8OE12GCtiXobs9hXoVdCztj2FsZp9fl7WUtyPJGxvK7EUMZVgQETqdb6Q9f860vRVY8Jae3k2jcVlvQ%3D%3D
2023-06-23 16:08:33,012 ERROR   wandb-upload_3:1361893 [internal_api.py:upload_file():2101] upload_file request headers: {'User-Agent': 'python-requests/2.28.1', 'Accept-Encoding': 'gzip, deflate, br', 'Accept': '*/*', 'Connection': 'keep-alive', 'Content-Length': '67660'}
2023-06-23 16:08:33,013 ERROR   wandb-upload_3:1361893 [internal_api.py:upload_file():2103] upload_file response body: b'<!DOCTYPE html>\n<html lang=en>\n  <meta charset=utf-8>\n  <meta name=viewport content="initial-scale=1, minimum-scale=1, width=device-width">\n  <title>Error 408 (Request Timeout)!!1</title>\n  <style>\n    *{margin:0;padding:0}html,code{font:15px/22px arial,sans-serif}html{background:#fff;color:#222;padding:15px}body{margin:7% auto 0;max-width:390px;min-height:180px;padding:30px 0 15px}* > body{background:url(//www.google.com/images/errors/robot.png) 100% 5px no-repeat;padding-right:205px}p{margin:11px 0 22px;overflow:hidden}ins{color:#777;text-decoration:none}a img{border:0}@media screen and (max-width:772px){body{background:none;margin-top:0;max-width:none;padding-right:0}}#logo{background:url(//www.google.com/images/branding/googlelogo/1x/googlelogo_color_150x54dp.png) no-repeat;margin-left:-5px}@media only screen and (min-resolution:192dpi){#logo{background:url(//www.google.com/images/branding/googlelogo/2x/googlelogo_color_150x54dp.png) no-repeat 0% 0%/100% 100%;-moz-border-image:url(//www.google.com/images/branding/googlelogo/2x/googlelogo_color_150x54dp.png) 0}}@media only screen and (-webkit-min-device-pixel-ratio:2){#logo{background:url(//www.google.com/images/branding/googlelogo/2x/googlelogo_color_150x54dp.png) no-repeat;-webkit-background-size:100% 100%}}#logo{display:inline-block;height:54px;width:150px}\n  </style>\n  <a href=//www.google.com/><span id=logo aria-label=Google></span></a>\n  <p><b>408.</b> <ins>That\xe2\x80\x99s an error.</ins>\n  <p>Your client has taken too long to issue its request.  <ins>That\xe2\x80\x99s all we know.</ins>\n'
2023-06-23 16:08:35,919 INFO    wandb-upload_3:1361893 [upload_job.py:push():137] Uploaded file /tmp/tmprnk35agxwandb/qbwtvjvx-upstream_diff_d4df3496e0af73c9465b913f424f38f078b8b25d.patch
