2023-06-21 19:28:09,641 INFO    StreamThr :901794 [internal.py:wandb_internal():86] W&B internal server running at pid: 901794, started at: 2023-06-21 19:28:09.641284
2023-06-21 19:28:09,642 DEBUG   HandlerThread:901794 [handler.py:handle_request():144] handle_request: status
2023-06-21 19:28:09,643 INFO    WriterThread:901794 [datastore.py:open_for_write():85] open: /home/cgm/code/CGM__GCLRec/code/wandb/run-20230621_192809-q3r13vva/run-q3r13vva.wandb
2023-06-21 19:28:09,643 DEBUG   SenderThread:901794 [sender.py:send():375] send: header
2023-06-21 19:28:09,656 DEBUG   SenderThread:901794 [sender.py:send():375] send: run
2023-06-21 19:28:14,656 DEBUG   HandlerThread:901794 [handler.py:handle_request():144] handle_request: keepalive
2023-06-21 19:28:19,658 DEBUG   HandlerThread:901794 [handler.py:handle_request():144] handle_request: keepalive
2023-06-21 19:28:24,658 DEBUG   HandlerThread:901794 [handler.py:handle_request():144] handle_request: keepalive
2023-06-21 19:28:29,659 DEBUG   HandlerThread:901794 [handler.py:handle_request():144] handle_request: keepalive
2023-06-21 19:28:34,660 DEBUG   HandlerThread:901794 [handler.py:handle_request():144] handle_request: keepalive
2023-06-21 19:28:39,661 DEBUG   HandlerThread:901794 [handler.py:handle_request():144] handle_request: keepalive
2023-06-21 19:28:43,753 INFO    SenderThread:901794 [retry.py:__call__():172] Retry attempt failed:
Traceback (most recent call last):
  File "/home/cgm/anaconda3/lib/python3.9/site-packages/urllib3/connectionpool.py", line 449, in _make_request
    six.raise_from(e, None)
  File "<string>", line 3, in raise_from
  File "/home/cgm/anaconda3/lib/python3.9/site-packages/urllib3/connectionpool.py", line 444, in _make_request
    httplib_response = conn.getresponse()
  File "/home/cgm/anaconda3/lib/python3.9/http/client.py", line 1377, in getresponse
    response.begin()
  File "/home/cgm/anaconda3/lib/python3.9/http/client.py", line 320, in begin
    version, status, reason = self._read_status()
  File "/home/cgm/anaconda3/lib/python3.9/http/client.py", line 281, in _read_status
    line = str(self.fp.readline(_MAXLINE + 1), "iso-8859-1")
  File "/home/cgm/anaconda3/lib/python3.9/socket.py", line 704, in readinto
    return self._sock.recv_into(b)
  File "/home/cgm/anaconda3/lib/python3.9/ssl.py", line 1242, in recv_into
    return self.read(nbytes, buffer)
  File "/home/cgm/anaconda3/lib/python3.9/ssl.py", line 1100, in read
    return self._sslobj.read(len, buffer)
socket.timeout: The read operation timed out

During handling of the above exception, another exception occurred:

Traceback (most recent call last):
  File "/home/cgm/anaconda3/lib/python3.9/site-packages/requests/adapters.py", line 489, in send
    resp = conn.urlopen(
  File "/home/cgm/anaconda3/lib/python3.9/site-packages/urllib3/connectionpool.py", line 787, in urlopen
    retries = retries.increment(
  File "/home/cgm/anaconda3/lib/python3.9/site-packages/urllib3/util/retry.py", line 550, in increment
    raise six.reraise(type(error), error, _stacktrace)
  File "/home/cgm/anaconda3/lib/python3.9/site-packages/urllib3/packages/six.py", line 770, in reraise
    raise value
  File "/home/cgm/anaconda3/lib/python3.9/site-packages/urllib3/connectionpool.py", line 703, in urlopen
    httplib_response = self._make_request(
  File "/home/cgm/anaconda3/lib/python3.9/site-packages/urllib3/connectionpool.py", line 451, in _make_request
    self._raise_timeout(err=e, url=url, timeout_value=read_timeout)
  File "/home/cgm/anaconda3/lib/python3.9/site-packages/urllib3/connectionpool.py", line 340, in _raise_timeout
    raise ReadTimeoutError(
urllib3.exceptions.ReadTimeoutError: HTTPSConnectionPool(host='api.wandb.ai', port=443): Read timed out. (read timeout=10)

During handling of the above exception, another exception occurred:

Traceback (most recent call last):
  File "/home/cgm/anaconda3/lib/python3.9/site-packages/wandb/sdk/lib/retry.py", line 131, in __call__
    result = self._call_fn(*args, **kwargs)
  File "/home/cgm/anaconda3/lib/python3.9/site-packages/wandb/sdk/internal/internal_api.py", line 285, in execute
    return self.client.execute(*args, **kwargs)  # type: ignore
  File "/home/cgm/anaconda3/lib/python3.9/site-packages/wandb/vendor/gql-0.2.0/wandb_gql/client.py", line 52, in execute
    result = self._get_result(document, *args, **kwargs)
  File "/home/cgm/anaconda3/lib/python3.9/site-packages/wandb/vendor/gql-0.2.0/wandb_gql/client.py", line 60, in _get_result
    return self.transport.execute(document, *args, **kwargs)
  File "/home/cgm/anaconda3/lib/python3.9/site-packages/wandb/sdk/lib/gql_request.py", line 55, in execute
    request = self.session.post(self.url, **post_args)
  File "/home/cgm/anaconda3/lib/python3.9/site-packages/requests/sessions.py", line 635, in post
    return self.request("POST", url, data=data, json=json, **kwargs)
  File "/home/cgm/anaconda3/lib/python3.9/site-packages/requests/sessions.py", line 587, in request
    resp = self.send(prep, **send_kwargs)
  File "/home/cgm/anaconda3/lib/python3.9/site-packages/requests/sessions.py", line 701, in send
    r = adapter.send(request, **kwargs)
  File "/home/cgm/anaconda3/lib/python3.9/site-packages/requests/adapters.py", line 578, in send
    raise ReadTimeout(e, request=request)
requests.exceptions.ReadTimeout: HTTPSConnectionPool(host='api.wandb.ai', port=443): Read timed out. (read timeout=10)
2023-06-21 19:28:44,662 DEBUG   HandlerThread:901794 [handler.py:handle_request():144] handle_request: keepalive
2023-06-21 19:28:48,351 INFO    SenderThread:901794 [dir_watcher.py:__init__():219] watching files in: /home/cgm/code/CGM__GCLRec/code/wandb/run-20230621_192809-q3r13vva/files
2023-06-21 19:28:48,351 INFO    SenderThread:901794 [sender.py:_start_run_threads():1124] run started: q3r13vva with start time 1687346889.640672
2023-06-21 19:28:48,351 DEBUG   SenderThread:901794 [sender.py:send_request():402] send_request: summary_record
2023-06-21 19:28:48,351 DEBUG   HandlerThread:901794 [handler.py:handle_request():144] handle_request: status_report
2023-06-21 19:28:48,351 INFO    SenderThread:901794 [sender.py:_save_file():1378] saving file wandb-summary.json with policy end
2023-06-21 19:28:48,355 DEBUG   HandlerThread:901794 [handler.py:handle_request():144] handle_request: check_version
2023-06-21 19:28:48,355 DEBUG   SenderThread:901794 [sender.py:send_request():402] send_request: check_version
2023-06-21 19:28:49,352 INFO    Thread-12 :901794 [dir_watcher.py:_on_file_created():278] file/dir created: /home/cgm/code/CGM__GCLRec/code/wandb/run-20230621_192809-q3r13vva/files/wandb-summary.json
2023-06-21 19:28:53,355 DEBUG   HandlerThread:901794 [handler.py:handle_request():144] handle_request: keepalive
2023-06-21 19:28:53,356 DEBUG   HandlerThread:901794 [handler.py:handle_request():144] handle_request: status_report
2023-06-21 19:28:53,401 DEBUG   HandlerThread:901794 [handler.py:handle_request():144] handle_request: run_start
2023-06-21 19:28:53,405 DEBUG   HandlerThread:901794 [system_info.py:__init__():31] System info init
2023-06-21 19:28:53,405 DEBUG   HandlerThread:901794 [system_info.py:__init__():46] System info init done
2023-06-21 19:28:53,405 INFO    HandlerThread:901794 [system_monitor.py:start():181] Starting system monitor
2023-06-21 19:28:53,405 INFO    SystemMonitor:901794 [system_monitor.py:_start():145] Starting system asset monitoring threads
2023-06-21 19:28:53,406 INFO    HandlerThread:901794 [system_monitor.py:probe():201] Collecting system info
2023-06-21 19:28:53,406 INFO    SystemMonitor:901794 [interfaces.py:start():190] Started cpu monitoring
2023-06-21 19:28:53,406 INFO    SystemMonitor:901794 [interfaces.py:start():190] Started disk monitoring
2023-06-21 19:28:53,407 INFO    SystemMonitor:901794 [interfaces.py:start():190] Started gpu monitoring
2023-06-21 19:28:53,407 INFO    SystemMonitor:901794 [interfaces.py:start():190] Started memory monitoring
2023-06-21 19:28:53,407 INFO    SystemMonitor:901794 [interfaces.py:start():190] Started network monitoring
2023-06-21 19:28:53,445 DEBUG   HandlerThread:901794 [system_info.py:probe():195] Probing system
2023-06-21 19:28:53,450 DEBUG   HandlerThread:901794 [system_info.py:_probe_git():180] Probing git
2023-06-21 19:28:53,458 DEBUG   HandlerThread:901794 [system_info.py:_probe_git():188] Probing git done
2023-06-21 19:28:53,458 DEBUG   HandlerThread:901794 [system_info.py:probe():240] Probing system done
2023-06-21 19:28:53,458 DEBUG   HandlerThread:901794 [system_monitor.py:probe():210] {'os': 'Linux-5.15.0-71-generic-x86_64-with-glibc2.31', 'python': '3.9.13', 'heartbeatAt': '2023-06-21T11:28:53.446036', 'startedAt': '2023-06-21T11:28:09.636724', 'docker': None, 'cuda': None, 'args': ('--notes', 'LGN_+_AdaLoss_mlp', '--temp_tau', '0.12', '--adaptive_method', 'mlp', '--centroid_mode', 'eigenvector', '--commonNeighbor_mode', 'SC', '--project', 'GCLRec_No_Valid', '--name', 'LightGCN+AdaLoss', '--model', 'LightGCN', '--augment', 'No', '--loss', 'Adaptive', '--adaloss_mode', 'pos', '--train_mode', 'origin', '--dataset', 'yelp2018', '--init_method', 'Normal', '--lr', '0.001', '--weight_decay', '1e-4', '--cuda', '0', '--num_layers', '3', '--latent_dim_rec', '64', '--batch_size', '2048', '--comment', '_', '--if_valid', '0', '--tag', 'Adaptive_loss', '--group', 'Ours', '--job_type', 'yelp2018', '--if_visual', '0', '--visual_epoch', '3'), 'state': 'running', 'program': '/home/cgm/code/CGM__GCLRec/code/main.py', 'codePath': 'code/main.py', 'git': {'remote': 'https://github.com/emiliencgm/CGM__GCLRec.git', 'commit': 'd4df3496e0af73c9465b913f424f38f078b8b25d'}, 'email': '131215707706@163.com', 'root': '/home/cgm/code/CGM__GCLRec', 'host': 'user-System-Product-Name', 'username': 'cgm', 'executable': '/home/cgm/anaconda3/bin/python', 'cpu_count': 10, 'cpu_count_logical': 20, 'cpu_freq': {'current': 3.7600000000000007, 'min': 800.0, 'max': 5300.0}, 'cpu_freq_per_core': [{'current': 3.7, 'min': 800.0, 'max': 5300.0}, {'current': 3.7, 'min': 800.0, 'max': 5300.0}, {'current': 3.7, 'min': 800.0, 'max': 5300.0}, {'current': 3.7, 'min': 800.0, 'max': 5300.0}, {'current': 3.7, 'min': 800.0, 'max': 5300.0}, {'current': 3.7, 'min': 800.0, 'max': 5300.0}, {'current': 3.7, 'min': 800.0, 'max': 5300.0}, {'current': 3.7, 'min': 800.0, 'max': 5300.0}, {'current': 3.7, 'min': 800.0, 'max': 5300.0}, {'current': 3.7, 'min': 800.0, 'max': 5300.0}, {'current': 3.7, 'min': 800.0, 'max': 5300.0}, {'current': 4.3, 'min': 800.0, 'max': 5300.0}, {'current': 3.7, 'min': 800.0, 'max': 5300.0}, {'current': 3.7, 'min': 800.0, 'max': 5300.0}, {'current': 3.7, 'min': 800.0, 'max': 5300.0}, {'current': 3.7, 'min': 800.0, 'max': 5300.0}, {'current': 3.7, 'min': 800.0, 'max': 5300.0}, {'current': 3.7, 'min': 800.0, 'max': 5300.0}, {'current': 4.3, 'min': 800.0, 'max': 5300.0}, {'current': 3.7, 'min': 800.0, 'max': 5300.0}], 'disk': {'total': 915.3232879638672, 'used': 858.0983695983887}, 'gpu': 'NVIDIA GeForce RTX 3090', 'gpu_count': 1, 'gpu_devices': [{'name': 'NVIDIA GeForce RTX 3090', 'memory_total': 25769803776}], 'memory': {'total': 62.657814025878906}}
2023-06-21 19:28:53,458 INFO    HandlerThread:901794 [system_monitor.py:probe():211] Finished collecting system info
2023-06-21 19:28:53,458 INFO    HandlerThread:901794 [system_monitor.py:probe():214] Publishing system info
2023-06-21 19:28:53,458 DEBUG   HandlerThread:901794 [system_info.py:_save_pip():51] Saving list of pip packages installed into the current environment
2023-06-21 19:28:53,458 DEBUG   HandlerThread:901794 [system_info.py:_save_pip():67] Saving pip packages done
2023-06-21 19:28:53,458 DEBUG   HandlerThread:901794 [system_info.py:_save_conda():74] Saving list of conda packages installed into the current environment
2023-06-21 19:28:54,352 INFO    Thread-12 :901794 [dir_watcher.py:_on_file_created():278] file/dir created: /home/cgm/code/CGM__GCLRec/code/wandb/run-20230621_192809-q3r13vva/files/conda-environment.yaml
2023-06-21 19:28:54,352 INFO    Thread-12 :901794 [dir_watcher.py:_on_file_created():278] file/dir created: /home/cgm/code/CGM__GCLRec/code/wandb/run-20230621_192809-q3r13vva/files/requirements.txt
2023-06-21 19:28:58,467 DEBUG   HandlerThread:901794 [system_info.py:_save_conda():86] Saving conda packages done
2023-06-21 19:28:58,467 DEBUG   HandlerThread:901794 [system_info.py:_save_code():89] Saving code
2023-06-21 19:28:58,472 DEBUG   HandlerThread:901794 [system_info.py:_save_code():110] Saving code done
2023-06-21 19:28:58,472 DEBUG   HandlerThread:901794 [system_info.py:_save_patches():127] Saving git patches
2023-06-21 19:28:58,556 DEBUG   HandlerThread:901794 [system_info.py:_save_patches():169] Saving git patches done
2023-06-21 19:28:58,557 INFO    HandlerThread:901794 [system_monitor.py:probe():216] Finished publishing system info
2023-06-21 19:28:58,560 DEBUG   HandlerThread:901794 [handler.py:handle_request():144] handle_request: status_report
2023-06-21 19:28:58,560 DEBUG   HandlerThread:901794 [handler.py:handle_request():144] handle_request: keepalive
2023-06-21 19:28:58,561 DEBUG   SenderThread:901794 [sender.py:send():375] send: files
2023-06-21 19:28:58,561 INFO    SenderThread:901794 [sender.py:_save_file():1378] saving file wandb-metadata.json with policy now
2023-06-21 19:28:58,561 INFO    SenderThread:901794 [sender.py:_save_file():1378] saving file code/code/main.py with policy now
2023-06-21 19:28:58,561 INFO    SenderThread:901794 [sender.py:_save_file():1378] saving file diff.patch with policy now
2023-06-21 19:28:58,565 DEBUG   HandlerThread:901794 [handler.py:handle_request():144] handle_request: stop_status
2023-06-21 19:28:58,566 DEBUG   SenderThread:901794 [sender.py:send_request():402] send_request: stop_status
2023-06-21 19:28:59,028 DEBUG   SenderThread:901794 [sender.py:send():375] send: telemetry
2023-06-21 19:28:59,028 DEBUG   SenderThread:901794 [sender.py:send():375] send: metric
2023-06-21 19:28:59,028 DEBUG   SenderThread:901794 [sender.py:send():375] send: telemetry
2023-06-21 19:28:59,028 DEBUG   SenderThread:901794 [sender.py:send():375] send: metric
2023-06-21 19:28:59,029 DEBUG   SenderThread:901794 [sender.py:send():375] send: metric
2023-06-21 19:28:59,029 DEBUG   SenderThread:901794 [sender.py:send():375] send: metric
2023-06-21 19:28:59,029 DEBUG   SenderThread:901794 [sender.py:send():375] send: metric
2023-06-21 19:28:59,029 DEBUG   SenderThread:901794 [sender.py:send():375] send: metric
2023-06-21 19:28:59,029 DEBUG   SenderThread:901794 [sender.py:send():375] send: metric
2023-06-21 19:28:59,029 DEBUG   SenderThread:901794 [sender.py:send():375] send: metric
2023-06-21 19:28:59,029 DEBUG   SenderThread:901794 [sender.py:send():375] send: metric
2023-06-21 19:28:59,029 DEBUG   SenderThread:901794 [sender.py:send():375] send: metric
2023-06-21 19:28:59,029 DEBUG   SenderThread:901794 [sender.py:send():375] send: metric
2023-06-21 19:28:59,029 DEBUG   SenderThread:901794 [sender.py:send():375] send: metric
2023-06-21 19:28:59,029 DEBUG   SenderThread:901794 [sender.py:send():375] send: metric
2023-06-21 19:28:59,029 DEBUG   SenderThread:901794 [sender.py:send():375] send: metric
2023-06-21 19:28:59,029 DEBUG   SenderThread:901794 [sender.py:send():375] send: metric
2023-06-21 19:28:59,029 DEBUG   SenderThread:901794 [sender.py:send():375] send: metric
2023-06-21 19:28:59,029 DEBUG   SenderThread:901794 [sender.py:send():375] send: metric
2023-06-21 19:28:59,029 DEBUG   SenderThread:901794 [sender.py:send():375] send: metric
2023-06-21 19:28:59,029 DEBUG   SenderThread:901794 [sender.py:send():375] send: metric
2023-06-21 19:28:59,029 DEBUG   SenderThread:901794 [sender.py:send():375] send: metric
2023-06-21 19:28:59,029 DEBUG   SenderThread:901794 [sender.py:send():375] send: metric
2023-06-21 19:28:59,030 DEBUG   SenderThread:901794 [sender.py:send():375] send: metric
2023-06-21 19:28:59,030 DEBUG   SenderThread:901794 [sender.py:send():375] send: metric
2023-06-21 19:28:59,030 DEBUG   SenderThread:901794 [sender.py:send():375] send: metric
2023-06-21 19:28:59,030 DEBUG   SenderThread:901794 [sender.py:send():375] send: metric
2023-06-21 19:28:59,030 DEBUG   SenderThread:901794 [sender.py:send():375] send: metric
2023-06-21 19:28:59,030 DEBUG   SenderThread:901794 [sender.py:send():375] send: metric
2023-06-21 19:28:59,030 DEBUG   SenderThread:901794 [sender.py:send():375] send: metric
2023-06-21 19:28:59,030 DEBUG   SenderThread:901794 [sender.py:send():375] send: metric
2023-06-21 19:28:59,033 INFO    wandb-upload_1:901794 [upload_job.py:push():117] Skipped uploading /tmp/tmph6b05o61wandb/mfkf6h15-code/code/main.py
2023-06-21 19:28:59,354 INFO    Thread-12 :901794 [dir_watcher.py:_on_file_modified():295] file/dir modified: /home/cgm/code/CGM__GCLRec/code/wandb/run-20230621_192809-q3r13vva/files/conda-environment.yaml
2023-06-21 19:28:59,354 INFO    Thread-12 :901794 [dir_watcher.py:_on_file_created():278] file/dir created: /home/cgm/code/CGM__GCLRec/code/wandb/run-20230621_192809-q3r13vva/files/diff.patch
2023-06-21 19:28:59,354 INFO    Thread-12 :901794 [dir_watcher.py:_on_file_created():278] file/dir created: /home/cgm/code/CGM__GCLRec/code/wandb/run-20230621_192809-q3r13vva/files/output.log
2023-06-21 19:28:59,354 INFO    Thread-12 :901794 [dir_watcher.py:_on_file_created():278] file/dir created: /home/cgm/code/CGM__GCLRec/code/wandb/run-20230621_192809-q3r13vva/files/wandb-metadata.json
2023-06-21 19:28:59,354 INFO    Thread-12 :901794 [dir_watcher.py:_on_file_created():278] file/dir created: /home/cgm/code/CGM__GCLRec/code/wandb/run-20230621_192809-q3r13vva/files/code/code/main.py
2023-06-21 19:28:59,354 INFO    Thread-12 :901794 [dir_watcher.py:_on_file_created():278] file/dir created: /home/cgm/code/CGM__GCLRec/code/wandb/run-20230621_192809-q3r13vva/files/code
2023-06-21 19:28:59,354 INFO    Thread-12 :901794 [dir_watcher.py:_on_file_created():278] file/dir created: /home/cgm/code/CGM__GCLRec/code/wandb/run-20230621_192809-q3r13vva/files/code/code
2023-06-21 19:28:59,399 INFO    wandb-upload_0:901794 [upload_job.py:push():137] Uploaded file /tmp/tmph6b05o61wandb/doadvron-wandb-metadata.json
2023-06-21 19:29:01,354 INFO    Thread-12 :901794 [dir_watcher.py:_on_file_modified():295] file/dir modified: /home/cgm/code/CGM__GCLRec/code/wandb/run-20230621_192809-q3r13vva/files/output.log
2023-06-21 19:29:04,078 DEBUG   HandlerThread:901794 [handler.py:handle_request():144] handle_request: status_report
2023-06-21 19:29:09,079 DEBUG   HandlerThread:901794 [handler.py:handle_request():144] handle_request: status_report
2023-06-21 19:29:12,180 DEBUG   SenderThread:901794 [sender.py:send():375] send: telemetry
2023-06-21 19:29:12,184 DEBUG   HandlerThread:901794 [handler.py:handle_request():144] handle_request: partial_history
2023-06-21 19:29:12,186 DEBUG   SenderThread:901794 [sender.py:send():375] send: history
2023-06-21 19:29:12,186 DEBUG   SenderThread:901794 [sender.py:send_request():402] send_request: summary_record
2023-06-21 19:29:12,187 INFO    SenderThread:901794 [sender.py:_save_file():1378] saving file wandb-summary.json with policy end
2023-06-21 19:29:12,357 INFO    Thread-12 :901794 [dir_watcher.py:_on_file_modified():295] file/dir modified: /home/cgm/code/CGM__GCLRec/code/wandb/run-20230621_192809-q3r13vva/files/wandb-summary.json
2023-06-21 19:29:13,357 INFO    Thread-12 :901794 [dir_watcher.py:_on_file_modified():295] file/dir modified: /home/cgm/code/CGM__GCLRec/code/wandb/run-20230621_192809-q3r13vva/files/output.log
2023-06-21 19:29:13,564 DEBUG   HandlerThread:901794 [handler.py:handle_request():144] handle_request: stop_status
2023-06-21 19:29:13,564 DEBUG   SenderThread:901794 [sender.py:send_request():402] send_request: stop_status
2023-06-21 19:29:14,134 DEBUG   HandlerThread:901794 [handler.py:handle_request():144] handle_request: status_report
2023-06-21 19:29:15,358 INFO    Thread-12 :901794 [dir_watcher.py:_on_file_modified():295] file/dir modified: /home/cgm/code/CGM__GCLRec/code/wandb/run-20230621_192809-q3r13vva/files/output.log
2023-06-21 19:29:17,358 INFO    Thread-12 :901794 [dir_watcher.py:_on_file_modified():295] file/dir modified: /home/cgm/code/CGM__GCLRec/code/wandb/run-20230621_192809-q3r13vva/files/output.log
2023-06-21 19:29:19,160 DEBUG   HandlerThread:901794 [handler.py:handle_request():144] handle_request: status_report
2023-06-21 19:29:19,359 INFO    Thread-12 :901794 [dir_watcher.py:_on_file_modified():295] file/dir modified: /home/cgm/code/CGM__GCLRec/code/wandb/run-20230621_192809-q3r13vva/files/output.log
2023-06-21 19:29:20,359 INFO    Thread-12 :901794 [dir_watcher.py:_on_file_modified():295] file/dir modified: /home/cgm/code/CGM__GCLRec/code/wandb/run-20230621_192809-q3r13vva/files/config.yaml
2023-06-21 19:29:21,359 INFO    Thread-12 :901794 [dir_watcher.py:_on_file_modified():295] file/dir modified: /home/cgm/code/CGM__GCLRec/code/wandb/run-20230621_192809-q3r13vva/files/output.log
2023-06-21 19:29:23,360 INFO    Thread-12 :901794 [dir_watcher.py:_on_file_modified():295] file/dir modified: /home/cgm/code/CGM__GCLRec/code/wandb/run-20230621_192809-q3r13vva/files/output.log
2023-06-21 19:29:24,520 DEBUG   HandlerThread:901794 [handler.py:handle_request():144] handle_request: status_report
2023-06-21 19:29:25,360 INFO    Thread-12 :901794 [dir_watcher.py:_on_file_modified():295] file/dir modified: /home/cgm/code/CGM__GCLRec/code/wandb/run-20230621_192809-q3r13vva/files/output.log
2023-06-21 19:29:27,361 INFO    Thread-12 :901794 [dir_watcher.py:_on_file_modified():295] file/dir modified: /home/cgm/code/CGM__GCLRec/code/wandb/run-20230621_192809-q3r13vva/files/output.log
2023-06-21 19:29:28,569 DEBUG   HandlerThread:901794 [handler.py:handle_request():144] handle_request: stop_status
2023-06-21 19:29:28,569 DEBUG   SenderThread:901794 [sender.py:send_request():402] send_request: stop_status
2023-06-21 19:29:28,860 DEBUG   SenderThread:901794 [sender.py:send():375] send: telemetry
2023-06-21 19:29:28,860 DEBUG   SenderThread:901794 [sender.py:send():375] send: exit
2023-06-21 19:29:28,860 INFO    SenderThread:901794 [sender.py:send_exit():598] handling exit code: 0
2023-06-21 19:29:28,860 INFO    SenderThread:901794 [sender.py:send_exit():600] handling runtime: 35
2023-06-21 19:29:28,861 INFO    SenderThread:901794 [sender.py:_save_file():1378] saving file wandb-summary.json with policy end
2023-06-21 19:29:28,861 INFO    SenderThread:901794 [sender.py:send_exit():606] send defer
2023-06-21 19:29:28,861 DEBUG   HandlerThread:901794 [handler.py:handle_request():144] handle_request: defer
2023-06-21 19:29:28,861 INFO    HandlerThread:901794 [handler.py:handle_request_defer():170] handle defer: 0
2023-06-21 19:29:28,861 DEBUG   SenderThread:901794 [sender.py:send_request():402] send_request: defer
2023-06-21 19:29:28,861 INFO    SenderThread:901794 [sender.py:send_request_defer():622] handle sender defer: 0
2023-06-21 19:29:28,861 INFO    SenderThread:901794 [sender.py:transition_state():626] send defer: 1
2023-06-21 19:29:28,861 DEBUG   HandlerThread:901794 [handler.py:handle_request():144] handle_request: defer
2023-06-21 19:29:28,861 INFO    HandlerThread:901794 [handler.py:handle_request_defer():170] handle defer: 1
2023-06-21 19:29:28,861 DEBUG   SenderThread:901794 [sender.py:send_request():402] send_request: defer
2023-06-21 19:29:28,861 INFO    SenderThread:901794 [sender.py:send_request_defer():622] handle sender defer: 1
2023-06-21 19:29:28,861 INFO    SenderThread:901794 [sender.py:transition_state():626] send defer: 2
2023-06-21 19:29:28,862 DEBUG   HandlerThread:901794 [handler.py:handle_request():144] handle_request: defer
2023-06-21 19:29:28,862 INFO    HandlerThread:901794 [handler.py:handle_request_defer():170] handle defer: 2
2023-06-21 19:29:28,862 INFO    HandlerThread:901794 [system_monitor.py:finish():190] Stopping system monitor
2023-06-21 19:29:28,862 DEBUG   SystemMonitor:901794 [system_monitor.py:_start():159] Starting system metrics aggregation loop
2023-06-21 19:29:28,862 DEBUG   SystemMonitor:901794 [system_monitor.py:_start():166] Finished system metrics aggregation loop
2023-06-21 19:29:28,862 DEBUG   SystemMonitor:901794 [system_monitor.py:_start():170] Publishing last batch of metrics
2023-06-21 19:29:28,862 INFO    HandlerThread:901794 [interfaces.py:finish():202] Joined cpu monitor
2023-06-21 19:29:28,863 INFO    HandlerThread:901794 [interfaces.py:finish():202] Joined disk monitor
2023-06-21 19:29:28,930 INFO    HandlerThread:901794 [interfaces.py:finish():202] Joined gpu monitor
2023-06-21 19:29:28,930 INFO    HandlerThread:901794 [interfaces.py:finish():202] Joined memory monitor
2023-06-21 19:29:28,930 INFO    HandlerThread:901794 [interfaces.py:finish():202] Joined network monitor
2023-06-21 19:29:28,930 DEBUG   SenderThread:901794 [sender.py:send_request():402] send_request: defer
2023-06-21 19:29:28,931 INFO    SenderThread:901794 [sender.py:send_request_defer():622] handle sender defer: 2
2023-06-21 19:29:28,931 INFO    SenderThread:901794 [sender.py:transition_state():626] send defer: 3
2023-06-21 19:29:28,931 DEBUG   SenderThread:901794 [sender.py:send():375] send: stats
2023-06-21 19:29:28,931 DEBUG   HandlerThread:901794 [handler.py:handle_request():144] handle_request: defer
2023-06-21 19:29:28,931 INFO    HandlerThread:901794 [handler.py:handle_request_defer():170] handle defer: 3
2023-06-21 19:29:28,931 DEBUG   SenderThread:901794 [sender.py:send_request():402] send_request: defer
2023-06-21 19:29:28,931 INFO    SenderThread:901794 [sender.py:send_request_defer():622] handle sender defer: 3
2023-06-21 19:29:28,931 INFO    SenderThread:901794 [sender.py:transition_state():626] send defer: 4
2023-06-21 19:29:28,931 DEBUG   HandlerThread:901794 [handler.py:handle_request():144] handle_request: defer
2023-06-21 19:29:28,931 INFO    HandlerThread:901794 [handler.py:handle_request_defer():170] handle defer: 4
2023-06-21 19:29:28,931 DEBUG   SenderThread:901794 [sender.py:send_request():402] send_request: defer
2023-06-21 19:29:28,931 INFO    SenderThread:901794 [sender.py:send_request_defer():622] handle sender defer: 4
2023-06-21 19:29:28,931 INFO    SenderThread:901794 [sender.py:transition_state():626] send defer: 5
2023-06-21 19:29:28,932 DEBUG   HandlerThread:901794 [handler.py:handle_request():144] handle_request: defer
2023-06-21 19:29:28,932 INFO    HandlerThread:901794 [handler.py:handle_request_defer():170] handle defer: 5
2023-06-21 19:29:28,932 DEBUG   SenderThread:901794 [sender.py:send():375] send: summary
2023-06-21 19:29:28,932 INFO    SenderThread:901794 [sender.py:_save_file():1378] saving file wandb-summary.json with policy end
2023-06-21 19:29:28,932 DEBUG   SenderThread:901794 [sender.py:send_request():402] send_request: defer
2023-06-21 19:29:28,932 INFO    SenderThread:901794 [sender.py:send_request_defer():622] handle sender defer: 5
2023-06-21 19:29:28,932 INFO    SenderThread:901794 [sender.py:transition_state():626] send defer: 6
2023-06-21 19:29:28,932 DEBUG   HandlerThread:901794 [handler.py:handle_request():144] handle_request: defer
2023-06-21 19:29:28,932 INFO    HandlerThread:901794 [handler.py:handle_request_defer():170] handle defer: 6
2023-06-21 19:29:28,932 DEBUG   SenderThread:901794 [sender.py:send_request():402] send_request: defer
2023-06-21 19:29:28,932 INFO    SenderThread:901794 [sender.py:send_request_defer():622] handle sender defer: 6
2023-06-21 19:29:28,935 DEBUG   HandlerThread:901794 [handler.py:handle_request():144] handle_request: status_report
2023-06-21 19:29:29,338 INFO    SenderThread:901794 [sender.py:transition_state():626] send defer: 7
2023-06-21 19:29:29,338 DEBUG   HandlerThread:901794 [handler.py:handle_request():144] handle_request: defer
2023-06-21 19:29:29,338 INFO    HandlerThread:901794 [handler.py:handle_request_defer():170] handle defer: 7
2023-06-21 19:29:29,338 DEBUG   SenderThread:901794 [sender.py:send_request():402] send_request: defer
2023-06-21 19:29:29,338 INFO    SenderThread:901794 [sender.py:send_request_defer():622] handle sender defer: 7
2023-06-21 19:29:29,362 INFO    Thread-12 :901794 [dir_watcher.py:_on_file_modified():295] file/dir modified: /home/cgm/code/CGM__GCLRec/code/wandb/run-20230621_192809-q3r13vva/files/output.log
2023-06-21 19:29:29,362 INFO    Thread-12 :901794 [dir_watcher.py:_on_file_modified():295] file/dir modified: /home/cgm/code/CGM__GCLRec/code/wandb/run-20230621_192809-q3r13vva/files/config.yaml
2023-06-21 19:29:29,362 INFO    Thread-12 :901794 [dir_watcher.py:_on_file_modified():295] file/dir modified: /home/cgm/code/CGM__GCLRec/code/wandb/run-20230621_192809-q3r13vva/files/wandb-summary.json
2023-06-21 19:29:29,764 DEBUG   HandlerThread:901794 [handler.py:handle_request():144] handle_request: poll_exit
2023-06-21 19:29:31,143 INFO    SenderThread:901794 [sender.py:transition_state():626] send defer: 8
2023-06-21 19:29:31,143 DEBUG   SenderThread:901794 [sender.py:send_request():402] send_request: poll_exit
2023-06-21 19:29:31,143 DEBUG   HandlerThread:901794 [handler.py:handle_request():144] handle_request: defer
2023-06-21 19:29:31,143 INFO    HandlerThread:901794 [handler.py:handle_request_defer():170] handle defer: 8
2023-06-21 19:29:31,144 DEBUG   SenderThread:901794 [sender.py:send_request():402] send_request: defer
2023-06-21 19:29:31,144 INFO    SenderThread:901794 [sender.py:send_request_defer():622] handle sender defer: 8
2023-06-21 19:29:31,158 INFO    SenderThread:901794 [sender.py:transition_state():626] send defer: 9
2023-06-21 19:29:31,158 DEBUG   HandlerThread:901794 [handler.py:handle_request():144] handle_request: defer
2023-06-21 19:29:31,158 INFO    HandlerThread:901794 [handler.py:handle_request_defer():170] handle defer: 9
2023-06-21 19:29:31,158 DEBUG   SenderThread:901794 [sender.py:send():375] send: artifact
2023-06-21 19:29:31,362 INFO    Thread-12 :901794 [dir_watcher.py:_on_file_modified():295] file/dir modified: /home/cgm/code/CGM__GCLRec/code/wandb/run-20230621_192809-q3r13vva/files/output.log
2023-06-21 19:29:32,918 INFO    wandb-upload_1:901794 [upload_job.py:push():92] Skipped uploading /home/cgm/.local/share/wandb/artifacts/staging/tmpii61m6se
2023-06-21 19:29:33,465 INFO    wandb-upload_0:901794 [upload_job.py:push():95] Uploaded file /home/cgm/.local/share/wandb/artifacts/staging/tmpvos68xkz
2023-06-21 19:29:34,764 DEBUG   HandlerThread:901794 [handler.py:handle_request():144] handle_request: keepalive
2023-06-21 19:29:38,724 WARNING StreamThr :901794 [internal.py:is_dead():414] Internal process exiting, parent pid 901748 disappeared
2023-06-21 19:29:38,724 ERROR   StreamThr :901794 [internal.py:wandb_internal():152] Internal process shutdown.
2023-06-21 19:29:38,765 INFO    HandlerThread:901794 [handler.py:finish():842] shutting down handler
2023-06-21 19:29:39,159 INFO    WriterThread:901794 [datastore.py:close():298] close: /home/cgm/code/CGM__GCLRec/code/wandb/run-20230621_192809-q3r13vva/run-q3r13vva.wandb
2023-06-21 19:30:01,284 WARNING FileStreamThread:901794 [file_stream.py:request_with_retry():670] requests_with_retry encountered retryable exception: 408 Client Error: Request Timeout for url: https://api.wandb.ai/files/cgm_emilien/GCLRec_No_Valid/q3r13vva/file_stream. func: <bound method Session.post of <requests.sessions.Session object at 0x7f7e101f0280>>, args: ('https://api.wandb.ai/files/cgm_emilien/GCLRec_No_Valid/q3r13vva/file_stream',), kwargs: {'json': {'files': {'output.log': {'offset': 0, 'content': ['2023-06-21T11:29:01.034997 ==========config==========\n', "2023-06-21T11:29:01.034997 {'GTN_K': 3,\n", "2023-06-21T11:29:01.034997  'GTN_alpha': 0.3,\n", "2023-06-21T11:29:01.034997  'adaloss_mode': 'pos',\n", "2023-06-21T11:29:01.034997  'adaptive_method': 'mlp',\n", "2023-06-21T11:29:01.034997  'alpha': 0.5,\n", "2023-06-21T11:29:01.034997  'augment': 'No',\n", "2023-06-21T11:29:01.034997  'batch_size': 2048,\n", "2023-06-21T11:29:01.034997  'centroid_mode': 'eigenvector',\n", "2023-06-21T11:29:01.034997  'comment': '_',\n", "2023-06-21T11:29:01.034997  'commonNeighbor_mode': 'SC',\n", "2023-06-21T11:29:01.034997  'cores': 10,\n", "2023-06-21T11:29:01.034997  'dataset': 'yelp2018',\n", "2023-06-21T11:29:01.034997  'device': device(type='cuda'),\n", "2023-06-21T11:29:01.034997  'early_stop_steps': 30,\n", "2023-06-21T11:29:01.034997  'edge_drop_prob': 0.1,\n", "2023-06-21T11:29:01.034997  'epoch_only_pop_for_BCloss': 5,\n", "2023-06-21T11:29:01.034997  'epochs': 1000,\n", "2023-06-21T11:29:01.034997  'eps_SimGCL': 0.1,\n", "2023-06-21T11:29:01.034997  'epsilon_GCLRec': 0.1,\n", "2023-06-21T11:29:01.034997  'group': 'Ours',\n", "2023-06-21T11:29:01.034997  'if_SVD': 1,\n", "2023-06-21T11:29:01.034997  'if_big_matrix': 0,\n", "2023-06-21T11:29:01.034997  'if_double_label': 1,\n", "2023-06-21T11:29:01.034997  'if_load_embedding': 0,\n", "2023-06-21T11:29:01.034997  'if_multicore': 1,\n", "2023-06-21T11:29:01.034997  'if_pretrain': 0,\n", "2023-06-21T11:29:01.034997  'if_projector': 0,\n", "2023-06-21T11:29:01.034997  'if_tensorboard': 1,\n", "2023-06-21T11:29:01.034997  'if_tsne': 1,\n", "2023-06-21T11:29:01.034997  'if_valid': 0,\n", "2023-06-21T11:29:01.034997  'if_visual': 0,\n", "2023-06-21T11:29:01.034997  'init_method': 'Normal',\n", "2023-06-21T11:29:01.034997  'item_emb': 0,\n", "2023-06-21T11:29:01.034997  'job_type': 'yelp2018',\n", "2023-06-21T11:29:01.034997  'k_aug': 0,\n", "2023-06-21T11:29:01.034997  'lambda1': 0.1,\n", "2023-06-21T11:29:01.034997  'lambda_ForkMerge': 0.5,\n", "2023-06-21T11:29:01.034997  'latent_dim_rec': 64,\n", "2023-06-21T11:29:01.034997  'loss': 'Adaptive',\n", "2023-06-21T11:29:01.034997  'lr': 0.001,\n", "2023-06-21T11:29:01.034997  'model': 'LightGCN',\n", "2023-06-21T11:29:01.034997  'n_cluster': 10,\n", "2023-06-21T11:29:01.034997  'n_fold': 2,\n", "2023-06-21T11:29:01.034997  'name': 'LightGCN+AdaLoss',\n", "2023-06-21T11:29:01.034997  'notes': 'LGN_+_AdaLoss_mlp',\n", "2023-06-21T11:29:01.034997  'num_layers': 3,\n", "2023-06-21T11:29:01.034997  'p_drop': 0.1,\n", "2023-06-21T11:29:01.034997  'perplexity': 50,\n", "2023-06-21T11:29:01.034997  'pop_gamma': 0.02,\n", "2023-06-21T11:29:01.034997  'pop_group': 10,\n", "2023-06-21T11:29:01.034997  'project': 'GCLRec_No_Valid',\n", "2023-06-21T11:29:01.034997  'seed': 2023,\n", "2023-06-21T11:29:01.034997  'sigma_gausse': 1.0,\n", "2023-06-21T11:29:01.034997  'svd_q': 5,\n", "2023-06-21T11:29:01.034997  'tag': ['Adaptive_loss'],\n", "2023-06-21T11:29:01.034997  'tau_plus': 0.1,\n", "2023-06-21T11:29:01.034997  'temp_tau': 0.12,\n", "2023-06-21T11:29:01.034997  'temp_tau_pop': 0.1,\n", "2023-06-21T11:29:01.034997  'test_u_batch_size': 2048,\n", "2023-06-21T11:29:01.034997  'topks': [20, 40],\n", "2023-06-21T11:29:01.034997  'train_mode': 'origin',\n", "2023-06-21T11:29:01.034997  'tsne_group': [0, 9],\n", "2023-06-21T11:29:01.034997  'tsne_points': 2000,\n", "2023-06-21T11:29:01.034997  'user_emb': 0,\n", "2023-06-21T11:29:01.034997  'visual_epoch': 3,\n", "2023-06-21T11:29:01.034997  'w_GCLRec': 0.1,\n", "2023-06-21T11:29:01.034997  'weight_decay': 0.0001}\n", '2023-06-21T11:29:01.034997 ==========config==========\n', '2023-06-21T11:29:01.034997 [DATALOADER--START]\n', '2023-06-21T11:29:01.034997 loading [/home/cgm/code/CGM__GCLRec/data/yelp2018]\n', '2023-06-21T11:29:01.034997 1237259 interactions for training\n', '2023-06-21T11:29:01.034997 324147 interactions for testing\n', '2023-06-21T11:29:01.034997 yelp2018 Sparsity : 0.0012958757851778647\n', '2023-06-21T11:29:01.034997 loading adjacency matrix\n', '2023-06-21T11:29:01.034997 successfully loaded...\n', '2023-06-21T11:29:01.034997 Remember to delete this pre-calculed mat while changing data split !\n']}}, 'dropped': 0}}
2023-06-21 19:31:04,195 WARNING FileStreamThread:901794 [file_stream.py:request_with_retry():670] requests_with_retry encountered retryable exception: 408 Client Error: Request Timeout for url: https://api.wandb.ai/files/cgm_emilien/GCLRec_No_Valid/q3r13vva/file_stream. func: <bound method Session.post of <requests.sessions.Session object at 0x7f7e101f0280>>, args: ('https://api.wandb.ai/files/cgm_emilien/GCLRec_No_Valid/q3r13vva/file_stream',), kwargs: {'json': {'files': {'output.log': {'offset': 0, 'content': ['2023-06-21T11:29:01.034997 ==========config==========\n', "2023-06-21T11:29:01.034997 {'GTN_K': 3,\n", "2023-06-21T11:29:01.034997  'GTN_alpha': 0.3,\n", "2023-06-21T11:29:01.034997  'adaloss_mode': 'pos',\n", "2023-06-21T11:29:01.034997  'adaptive_method': 'mlp',\n", "2023-06-21T11:29:01.034997  'alpha': 0.5,\n", "2023-06-21T11:29:01.034997  'augment': 'No',\n", "2023-06-21T11:29:01.034997  'batch_size': 2048,\n", "2023-06-21T11:29:01.034997  'centroid_mode': 'eigenvector',\n", "2023-06-21T11:29:01.034997  'comment': '_',\n", "2023-06-21T11:29:01.034997  'commonNeighbor_mode': 'SC',\n", "2023-06-21T11:29:01.034997  'cores': 10,\n", "2023-06-21T11:29:01.034997  'dataset': 'yelp2018',\n", "2023-06-21T11:29:01.034997  'device': device(type='cuda'),\n", "2023-06-21T11:29:01.034997  'early_stop_steps': 30,\n", "2023-06-21T11:29:01.034997  'edge_drop_prob': 0.1,\n", "2023-06-21T11:29:01.034997  'epoch_only_pop_for_BCloss': 5,\n", "2023-06-21T11:29:01.034997  'epochs': 1000,\n", "2023-06-21T11:29:01.034997  'eps_SimGCL': 0.1,\n", "2023-06-21T11:29:01.034997  'epsilon_GCLRec': 0.1,\n", "2023-06-21T11:29:01.034997  'group': 'Ours',\n", "2023-06-21T11:29:01.034997  'if_SVD': 1,\n", "2023-06-21T11:29:01.034997  'if_big_matrix': 0,\n", "2023-06-21T11:29:01.034997  'if_double_label': 1,\n", "2023-06-21T11:29:01.034997  'if_load_embedding': 0,\n", "2023-06-21T11:29:01.034997  'if_multicore': 1,\n", "2023-06-21T11:29:01.034997  'if_pretrain': 0,\n", "2023-06-21T11:29:01.034997  'if_projector': 0,\n", "2023-06-21T11:29:01.034997  'if_tensorboard': 1,\n", "2023-06-21T11:29:01.034997  'if_tsne': 1,\n", "2023-06-21T11:29:01.034997  'if_valid': 0,\n", "2023-06-21T11:29:01.034997  'if_visual': 0,\n", "2023-06-21T11:29:01.034997  'init_method': 'Normal',\n", "2023-06-21T11:29:01.034997  'item_emb': 0,\n", "2023-06-21T11:29:01.034997  'job_type': 'yelp2018',\n", "2023-06-21T11:29:01.034997  'k_aug': 0,\n", "2023-06-21T11:29:01.034997  'lambda1': 0.1,\n", "2023-06-21T11:29:01.034997  'lambda_ForkMerge': 0.5,\n", "2023-06-21T11:29:01.034997  'latent_dim_rec': 64,\n", "2023-06-21T11:29:01.034997  'loss': 'Adaptive',\n", "2023-06-21T11:29:01.034997  'lr': 0.001,\n", "2023-06-21T11:29:01.034997  'model': 'LightGCN',\n", "2023-06-21T11:29:01.034997  'n_cluster': 10,\n", "2023-06-21T11:29:01.034997  'n_fold': 2,\n", "2023-06-21T11:29:01.034997  'name': 'LightGCN+AdaLoss',\n", "2023-06-21T11:29:01.034997  'notes': 'LGN_+_AdaLoss_mlp',\n", "2023-06-21T11:29:01.034997  'num_layers': 3,\n", "2023-06-21T11:29:01.034997  'p_drop': 0.1,\n", "2023-06-21T11:29:01.034997  'perplexity': 50,\n", "2023-06-21T11:29:01.034997  'pop_gamma': 0.02,\n", "2023-06-21T11:29:01.034997  'pop_group': 10,\n", "2023-06-21T11:29:01.034997  'project': 'GCLRec_No_Valid',\n", "2023-06-21T11:29:01.034997  'seed': 2023,\n", "2023-06-21T11:29:01.034997  'sigma_gausse': 1.0,\n", "2023-06-21T11:29:01.034997  'svd_q': 5,\n", "2023-06-21T11:29:01.034997  'tag': ['Adaptive_loss'],\n", "2023-06-21T11:29:01.034997  'tau_plus': 0.1,\n", "2023-06-21T11:29:01.034997  'temp_tau': 0.12,\n", "2023-06-21T11:29:01.034997  'temp_tau_pop': 0.1,\n", "2023-06-21T11:29:01.034997  'test_u_batch_size': 2048,\n", "2023-06-21T11:29:01.034997  'topks': [20, 40],\n", "2023-06-21T11:29:01.034997  'train_mode': 'origin',\n", "2023-06-21T11:29:01.034997  'tsne_group': [0, 9],\n", "2023-06-21T11:29:01.034997  'tsne_points': 2000,\n", "2023-06-21T11:29:01.034997  'user_emb': 0,\n", "2023-06-21T11:29:01.034997  'visual_epoch': 3,\n", "2023-06-21T11:29:01.034997  'w_GCLRec': 0.1,\n", "2023-06-21T11:29:01.034997  'weight_decay': 0.0001}\n", '2023-06-21T11:29:01.034997 ==========config==========\n', '2023-06-21T11:29:01.034997 [DATALOADER--START]\n', '2023-06-21T11:29:01.034997 loading [/home/cgm/code/CGM__GCLRec/data/yelp2018]\n', '2023-06-21T11:29:01.034997 1237259 interactions for training\n', '2023-06-21T11:29:01.034997 324147 interactions for testing\n', '2023-06-21T11:29:01.034997 yelp2018 Sparsity : 0.0012958757851778647\n', '2023-06-21T11:29:01.034997 loading adjacency matrix\n', '2023-06-21T11:29:01.034997 successfully loaded...\n', '2023-06-21T11:29:01.034997 Remember to delete this pre-calculed mat while changing data split !\n']}}, 'dropped': 0}}
2023-06-21 19:31:28,936 INFO    wandb-upload_2:901794 [upload_job.py:push():137] Uploaded file /tmp/tmph6b05o61wandb/pt9fv02m-diff.patch
2023-06-21 19:31:28,936 INFO    MainThread:901794 [internal.py:handle_exit():76] Internal process exited
